<?xml version="1.0" encoding="UTF-8"?>
<testng-results skipped="0" failed="0" ignored="0" total="1" passed="1">
  <reporter-output>
  </reporter-output>
  <suite name="Default suite" duration-ms="25444" started-at="2020-04-22T09:22:37Z" finished-at="2020-04-22T09:23:02Z">
    <groups>
    </groups>
    <test name="Default test" duration-ms="25444" started-at="2020-04-22T09:22:37Z" finished-at="2020-04-22T09:23:02Z">
      <class name="test1.ChromeExample">
        <test-method status="PASS" signature="OpenChromeBrowser()[pri:0, instance:test1.ChromeExample@29774679]" name="OpenChromeBrowser" duration-ms="25410" started-at="2020-04-22T13:22:37Z" finished-at="2020-04-22T13:23:02Z">
          <reporter-output>
          </reporter-output>
        </test-method> <!-- OpenChromeBrowser -->
      </class> <!-- test1.ChromeExample -->
    </test> <!-- Default test -->
  </suite> <!-- Default suite -->
</testng-results>
